C:\USERS\AUGUSTO\DOWNLOADS\HM-OPENCL\BIN\VC10\WIN32\DEBUG\TAPPDECODERANALYSER.EXE
C:\USERS\AUGUSTO\DOWNLOADS\HM-OPENCL\BIN\VC10\WIN32\DEBUG\TAPPDECODERANALYSER.ILK
C:\USERS\AUGUSTO\DOWNLOADS\HM-OPENCL\BIN\VC10\WIN32\DEBUG\TAPPDECODERANALYSER.PDB
C:\Users\augusto\Downloads\HM-OpenCL\build\\..\bin\vc10\Win32\Debug\TAppDecoderAnalyser.exe
C:\Users\augusto\Downloads\HM-OpenCL\build\\..\bin\vc10\Win32\Debug\TAppDecoderAnalyser.ilk
C:\Users\augusto\Downloads\HM-OpenCL\build\\..\bin\vc10\Win32\Debug\TAppDecoderAnalyser.pdb
C:\Users\augusto\Downloads\HM-OpenCL\build\vc10\Win32\Debug\TAppDecoderAnalyser\cl.command.1.tlog
C:\Users\augusto\Downloads\HM-OpenCL\build\vc10\Win32\Debug\TAppDecoderAnalyser\CL.read.1.tlog
C:\Users\augusto\Downloads\HM-OpenCL\build\vc10\Win32\Debug\TAppDecoderAnalyser\CL.write.1.tlog
C:\USERS\AUGUSTO\DOWNLOADS\HM-OPENCL\BUILD\VC10\WIN32\DEBUG\TAPPDECODERANALYSER\DECMAIN.OBJ
C:\Users\augusto\Downloads\HM-OpenCL\build\vc10\Win32\Debug\TAppDecoderAnalyser\link.2628.read.1.tlog
C:\Users\augusto\Downloads\HM-OpenCL\build\vc10\Win32\Debug\TAppDecoderAnalyser\link.2628.write.1.tlog
C:\Users\augusto\Downloads\HM-OpenCL\build\vc10\Win32\Debug\TAppDecoderAnalyser\link.2628-cvtres.read.1.tlog
C:\Users\augusto\Downloads\HM-OpenCL\build\vc10\Win32\Debug\TAppDecoderAnalyser\link.2628-cvtres.write.1.tlog
C:\Users\augusto\Downloads\HM-OpenCL\build\vc10\Win32\Debug\TAppDecoderAnalyser\link.3960.read.1.tlog
C:\Users\augusto\Downloads\HM-OpenCL\build\vc10\Win32\Debug\TAppDecoderAnalyser\link.3960.write.1.tlog
C:\Users\augusto\Downloads\HM-OpenCL\build\vc10\Win32\Debug\TAppDecoderAnalyser\link.3960-cvtres.read.1.tlog
C:\Users\augusto\Downloads\HM-OpenCL\build\vc10\Win32\Debug\TAppDecoderAnalyser\link.3960-cvtres.write.1.tlog
C:\Users\augusto\Downloads\HM-OpenCL\build\vc10\Win32\Debug\TAppDecoderAnalyser\link.command.1.tlog
C:\Users\augusto\Downloads\HM-OpenCL\build\vc10\Win32\Debug\TAppDecoderAnalyser\link.read.1.tlog
C:\Users\augusto\Downloads\HM-OpenCL\build\vc10\Win32\Debug\TAppDecoderAnalyser\link.write.1.tlog
C:\Users\augusto\Downloads\HM-OpenCL\build\vc10\Win32\Debug\TAppDecoderAnalyser\link-cvtres.read.1.tlog
C:\Users\augusto\Downloads\HM-OpenCL\build\vc10\Win32\Debug\TAppDecoderAnalyser\link-cvtres.write.1.tlog
C:\Users\augusto\Downloads\HM-OpenCL\build\vc10\Win32\Debug\TAppDecoderAnalyser\mt.command.1.tlog
C:\Users\augusto\Downloads\HM-OpenCL\build\vc10\Win32\Debug\TAppDecoderAnalyser\mt.read.1.tlog
C:\Users\augusto\Downloads\HM-OpenCL\build\vc10\Win32\Debug\TAppDecoderAnalyser\mt.write.1.tlog
C:\Users\augusto\Downloads\HM-OpenCL\build\vc10\Win32\Debug\TAppDecoderAnalyser\rc.command.1.tlog
C:\Users\augusto\Downloads\HM-OpenCL\build\vc10\Win32\Debug\TAppDecoderAnalyser\rc.read.1.tlog
C:\Users\augusto\Downloads\HM-OpenCL\build\vc10\Win32\Debug\TAppDecoderAnalyser\rc.write.1.tlog
C:\USERS\AUGUSTO\DOWNLOADS\HM-OPENCL\BUILD\VC10\WIN32\DEBUG\TAPPDECODERANALYSER\TAPPDECCFG.OBJ
C:\USERS\AUGUSTO\DOWNLOADS\HM-OPENCL\BUILD\VC10\WIN32\DEBUG\TAPPDECODERANALYSER\TAPPDECODERANALYSER.EXE.EMBED.MANIFEST
C:\USERS\AUGUSTO\DOWNLOADS\HM-OPENCL\BUILD\VC10\WIN32\DEBUG\TAPPDECODERANALYSER\TAPPDECODERANALYSER.EXE.EMBED.MANIFEST.RES
C:\USERS\AUGUSTO\DOWNLOADS\HM-OPENCL\BUILD\VC10\WIN32\DEBUG\TAPPDECODERANALYSER\TAPPDECODERANALYSER.EXE.INTERMEDIATE.MANIFEST
C:\Users\augusto\Downloads\HM-OpenCL\build\vc10\Win32\Debug\TAppDecoderAnalyser\TAppDecoderAnalyser.write.1.tlog
C:\Users\augusto\Downloads\HM-OpenCL\build\vc10\Win32\Debug\TAppDecoderAnalyser\TAppDecoderAnalyser_manifest.rc
C:\Users\augusto\Downloads\HM-OpenCL\build\vc10\Win32\Debug\TAppDecoderAnalyser\TAppDecoderAnalyser_vc10.vcxprojResolveAssemblyReference.cache
C:\USERS\AUGUSTO\DOWNLOADS\HM-OPENCL\BUILD\VC10\WIN32\DEBUG\TAPPDECODERANALYSER\TAPPDECTOP.OBJ
C:\Users\augusto\Downloads\HM-OpenCL\build\vc10\Win32\Debug\TAppDecoderAnalyser\vc100.idb
C:\USERS\AUGUSTO\DOWNLOADS\HM-OPENCL\BUILD\VC10\WIN32\DEBUG\TAPPDECODERANALYSER\VC100.PDB
