C:\USERS\AUGUSTO\DOWNLOADS\HM-OPENCL\BUILD\VC10\WIN32\RELEASE\TLIBENCODER\WEIGHTPREDANALYSIS.OBJ
C:\USERS\AUGUSTO\DOWNLOADS\HM-OPENCL\BUILD\VC10\WIN32\RELEASE\TLIBENCODER\TENCTOP.OBJ
C:\USERS\AUGUSTO\DOWNLOADS\HM-OPENCL\BUILD\VC10\WIN32\RELEASE\TLIBENCODER\TENCSLICE.OBJ
C:\USERS\AUGUSTO\DOWNLOADS\HM-OPENCL\BUILD\VC10\WIN32\RELEASE\TLIBENCODER\TENCSEARCH.OBJ
C:\USERS\AUGUSTO\DOWNLOADS\HM-OPENCL\BUILD\VC10\WIN32\RELEASE\TLIBENCODER\TENCSBAC.OBJ
C:\USERS\AUGUSTO\DOWNLOADS\HM-OPENCL\BUILD\VC10\WIN32\RELEASE\TLIBENCODER\TENCSAMPLEADAPTIVEOFFSET.OBJ
C:\USERS\AUGUSTO\DOWNLOADS\HM-OPENCL\BUILD\VC10\WIN32\RELEASE\TLIBENCODER\TENCRATECTRL.OBJ
C:\USERS\AUGUSTO\DOWNLOADS\HM-OPENCL\BUILD\VC10\WIN32\RELEASE\TLIBENCODER\TENCPREANALYZER.OBJ
C:\USERS\AUGUSTO\DOWNLOADS\HM-OPENCL\BUILD\VC10\WIN32\RELEASE\TLIBENCODER\TENCPIC.OBJ
C:\USERS\AUGUSTO\DOWNLOADS\HM-OPENCL\BUILD\VC10\WIN32\RELEASE\TLIBENCODER\TENCGOP.OBJ
C:\USERS\AUGUSTO\DOWNLOADS\HM-OPENCL\BUILD\VC10\WIN32\RELEASE\TLIBENCODER\TENCENTROPY.OBJ
C:\USERS\AUGUSTO\DOWNLOADS\HM-OPENCL\BUILD\VC10\WIN32\RELEASE\TLIBENCODER\TENCCU.OBJ
C:\USERS\AUGUSTO\DOWNLOADS\HM-OPENCL\BUILD\VC10\WIN32\RELEASE\TLIBENCODER\TENCCAVLC.OBJ
C:\USERS\AUGUSTO\DOWNLOADS\HM-OPENCL\BUILD\VC10\WIN32\RELEASE\TLIBENCODER\TENCBINCODERCABACCOUNTER.OBJ
C:\USERS\AUGUSTO\DOWNLOADS\HM-OPENCL\BUILD\VC10\WIN32\RELEASE\TLIBENCODER\TENCBINCODERCABAC.OBJ
C:\USERS\AUGUSTO\DOWNLOADS\HM-OPENCL\BUILD\VC10\WIN32\RELEASE\TLIBENCODER\SYNTAXELEMENTWRITER.OBJ
C:\USERS\AUGUSTO\DOWNLOADS\HM-OPENCL\BUILD\VC10\WIN32\RELEASE\TLIBENCODER\SEIWRITE.OBJ
C:\USERS\AUGUSTO\DOWNLOADS\HM-OPENCL\BUILD\VC10\WIN32\RELEASE\TLIBENCODER\SEIENCODER.OBJ
C:\USERS\AUGUSTO\DOWNLOADS\HM-OPENCL\BUILD\VC10\WIN32\RELEASE\TLIBENCODER\NALWRITE.OBJ
C:\USERS\AUGUSTO\DOWNLOADS\HM-OPENCL\BUILD\VC10\WIN32\RELEASE\TLIBENCODER\VC110.PDB
C:\USERS\AUGUSTO\DOWNLOADS\HM-OPENCL\BUILD\VC10\WIN32\RELEASE\TLIBENCODER\TLIBENCODER.LIB
C:\Users\augusto\Downloads\HM-OpenCL\build\vc10\Win32\Release\TLibEncoder\NALwrite.obj
C:\Users\augusto\Downloads\HM-OpenCL\build\vc10\Win32\Release\TLibEncoder\SEIEncoder.obj
C:\Users\augusto\Downloads\HM-OpenCL\build\vc10\Win32\Release\TLibEncoder\SEIwrite.obj
C:\Users\augusto\Downloads\HM-OpenCL\build\vc10\Win32\Release\TLibEncoder\SyntaxElementWriter.obj
C:\Users\augusto\Downloads\HM-OpenCL\build\vc10\Win32\Release\TLibEncoder\TEncBinCoderCABAC.obj
C:\Users\augusto\Downloads\HM-OpenCL\build\vc10\Win32\Release\TLibEncoder\TEncBinCoderCABACCounter.obj
C:\Users\augusto\Downloads\HM-OpenCL\build\vc10\Win32\Release\TLibEncoder\TEncCavlc.obj
C:\Users\augusto\Downloads\HM-OpenCL\build\vc10\Win32\Release\TLibEncoder\TEncCu.obj
C:\Users\augusto\Downloads\HM-OpenCL\build\vc10\Win32\Release\TLibEncoder\TEncEntropy.obj
C:\Users\augusto\Downloads\HM-OpenCL\build\vc10\Win32\Release\TLibEncoder\TEncGOP.obj
C:\Users\augusto\Downloads\HM-OpenCL\build\vc10\Win32\Release\TLibEncoder\TEncPic.obj
C:\Users\augusto\Downloads\HM-OpenCL\build\vc10\Win32\Release\TLibEncoder\TEncPreanalyzer.obj
C:\Users\augusto\Downloads\HM-OpenCL\build\vc10\Win32\Release\TLibEncoder\TEncRateCtrl.obj
C:\Users\augusto\Downloads\HM-OpenCL\build\vc10\Win32\Release\TLibEncoder\TEncSampleAdaptiveOffset.obj
C:\Users\augusto\Downloads\HM-OpenCL\build\vc10\Win32\Release\TLibEncoder\TEncSbac.obj
C:\Users\augusto\Downloads\HM-OpenCL\build\vc10\Win32\Release\TLibEncoder\TEncSearch.obj
C:\Users\augusto\Downloads\HM-OpenCL\build\vc10\Win32\Release\TLibEncoder\TEncSlice.obj
C:\Users\augusto\Downloads\HM-OpenCL\build\vc10\Win32\Release\TLibEncoder\TEncTop.obj
C:\Users\augusto\Downloads\HM-OpenCL\build\vc10\Win32\Release\TLibEncoder\WeightPredAnalysis.obj
C:\Users\augusto\Downloads\HM-OpenCL\build\vc10\Win32\Release\TLibEncoder\cl.command.1.tlog
C:\Users\augusto\Downloads\HM-OpenCL\build\vc10\Win32\Release\TLibEncoder\CL.read.1.tlog
C:\Users\augusto\Downloads\HM-OpenCL\build\vc10\Win32\Release\TLibEncoder\CL.write.1.tlog
C:\Users\augusto\Downloads\HM-OpenCL\build\vc10\Win32\Release\TLibEncoder\Lib-link.read.1.tlog
C:\Users\augusto\Downloads\HM-OpenCL\build\vc10\Win32\Release\TLibEncoder\Lib-link.write.1.tlog
C:\Users\augusto\Downloads\HM-OpenCL\build\vc10\Win32\Release\TLibEncoder\lib.command.1.tlog
C:\Users\augusto\Downloads\HM-OpenCL\build\vc10\Win32\Release\TLibEncoder\vc110.pdb
C:\Users\augusto\Downloads\HM-OpenCL\build\\vc10\Win32\Release\TLibEncoder\TLibEncoder.lib
