C:\USERS\AUGUSTO\DOWNLOADS\HM-OPENCL\BUILD\VC10\WIN32\RELEASE\TAPPDECODERANALYSER\TAPPDECTOP.OBJ
C:\USERS\AUGUSTO\DOWNLOADS\HM-OPENCL\BUILD\VC10\WIN32\RELEASE\TAPPDECODERANALYSER\TAPPDECCFG.OBJ
C:\USERS\AUGUSTO\DOWNLOADS\HM-OPENCL\BUILD\VC10\WIN32\RELEASE\TAPPDECODERANALYSER\DECMAIN.OBJ
C:\USERS\AUGUSTO\DOWNLOADS\HM-OPENCL\BUILD\VC10\WIN32\RELEASE\TAPPDECODERANALYSER\VC110.PDB
C:\USERS\AUGUSTO\DOWNLOADS\HM-OPENCL\BIN\VC10\WIN32\RELEASE\TAPPDECODERANALYSER.EXE
C:\USERS\AUGUSTO\DOWNLOADS\HM-OPENCL\BIN\VC10\WIN32\RELEASE\TAPPDECODERANALYSER.PDB
C:\Users\augusto\Downloads\HM-OpenCL\build\vc10\Win32\Release\TAppDecoderAnalyser\decmain.obj
C:\Users\augusto\Downloads\HM-OpenCL\build\vc10\Win32\Release\TAppDecoderAnalyser\TAppDecCfg.obj
C:\Users\augusto\Downloads\HM-OpenCL\build\vc10\Win32\Release\TAppDecoderAnalyser\TAppDecTop.obj
C:\Users\augusto\Downloads\HM-OpenCL\build\vc10\Win32\Release\TAppDecoderAnalyser\cl.command.1.tlog
C:\Users\augusto\Downloads\HM-OpenCL\build\vc10\Win32\Release\TAppDecoderAnalyser\CL.read.1.tlog
C:\Users\augusto\Downloads\HM-OpenCL\build\vc10\Win32\Release\TAppDecoderAnalyser\CL.write.1.tlog
C:\Users\augusto\Downloads\HM-OpenCL\build\vc10\Win32\Release\TAppDecoderAnalyser\link-cvtres.read.1.tlog
C:\Users\augusto\Downloads\HM-OpenCL\build\vc10\Win32\Release\TAppDecoderAnalyser\link-cvtres.write.1.tlog
C:\Users\augusto\Downloads\HM-OpenCL\build\vc10\Win32\Release\TAppDecoderAnalyser\link-rc.read.1.tlog
C:\Users\augusto\Downloads\HM-OpenCL\build\vc10\Win32\Release\TAppDecoderAnalyser\link-rc.write.1.tlog
C:\Users\augusto\Downloads\HM-OpenCL\build\vc10\Win32\Release\TAppDecoderAnalyser\link.command.1.tlog
C:\Users\augusto\Downloads\HM-OpenCL\build\vc10\Win32\Release\TAppDecoderAnalyser\link.read.1.tlog
C:\Users\augusto\Downloads\HM-OpenCL\build\vc10\Win32\Release\TAppDecoderAnalyser\link.write.1.tlog
C:\Users\augusto\Downloads\HM-OpenCL\build\vc10\Win32\Release\TAppDecoderAnalyser\vc110.pdb
C:\Users\augusto\Downloads\HM-OpenCL\build\\..\bin\vc10\Win32\Release\TAppDecoderAnalyser.pdb
C:\Users\augusto\Downloads\HM-OpenCL\build\\..\bin\vc10\Win32\Release\TAppDecoderAnalyser.exe
