C:\USERS\AUGUSTO\DOWNLOADS\HM-OPENCL\BIN\VC10\WIN32\DEBUG\TAPPDECODER.EXE
C:\USERS\AUGUSTO\DOWNLOADS\HM-OPENCL\BIN\VC10\WIN32\DEBUG\TAPPDECODER.ILK
C:\USERS\AUGUSTO\DOWNLOADS\HM-OPENCL\BIN\VC10\WIN32\DEBUG\TAPPDECODER.PDB
C:\Users\augusto\Downloads\HM-OpenCL\build\\..\bin\vc10\Win32\Debug\TAppDecoder.exe
C:\Users\augusto\Downloads\HM-OpenCL\build\\..\bin\vc10\Win32\Debug\TAppDecoder.ilk
C:\Users\augusto\Downloads\HM-OpenCL\build\\..\bin\vc10\Win32\Debug\TAppDecoder.pdb
C:\Users\augusto\Downloads\HM-OpenCL\build\vc10\Win32\Debug\TAppDecoder\cl.command.1.tlog
C:\Users\augusto\Downloads\HM-OpenCL\build\vc10\Win32\Debug\TAppDecoder\CL.read.1.tlog
C:\Users\augusto\Downloads\HM-OpenCL\build\vc10\Win32\Debug\TAppDecoder\CL.write.1.tlog
C:\USERS\AUGUSTO\DOWNLOADS\HM-OPENCL\BUILD\VC10\WIN32\DEBUG\TAPPDECODER\DECMAIN.OBJ
C:\Users\augusto\Downloads\HM-OpenCL\build\vc10\Win32\Debug\TAppDecoder\link.7028.read.1.tlog
C:\Users\augusto\Downloads\HM-OpenCL\build\vc10\Win32\Debug\TAppDecoder\link.7028.write.1.tlog
C:\Users\augusto\Downloads\HM-OpenCL\build\vc10\Win32\Debug\TAppDecoder\link.7028-cvtres.read.1.tlog
C:\Users\augusto\Downloads\HM-OpenCL\build\vc10\Win32\Debug\TAppDecoder\link.7028-cvtres.write.1.tlog
C:\Users\augusto\Downloads\HM-OpenCL\build\vc10\Win32\Debug\TAppDecoder\link.8016.read.1.tlog
C:\Users\augusto\Downloads\HM-OpenCL\build\vc10\Win32\Debug\TAppDecoder\link.8016.write.1.tlog
C:\Users\augusto\Downloads\HM-OpenCL\build\vc10\Win32\Debug\TAppDecoder\link.8016-cvtres.read.1.tlog
C:\Users\augusto\Downloads\HM-OpenCL\build\vc10\Win32\Debug\TAppDecoder\link.8016-cvtres.write.1.tlog
C:\Users\augusto\Downloads\HM-OpenCL\build\vc10\Win32\Debug\TAppDecoder\link.command.1.tlog
C:\Users\augusto\Downloads\HM-OpenCL\build\vc10\Win32\Debug\TAppDecoder\link.read.1.tlog
C:\Users\augusto\Downloads\HM-OpenCL\build\vc10\Win32\Debug\TAppDecoder\link.write.1.tlog
C:\Users\augusto\Downloads\HM-OpenCL\build\vc10\Win32\Debug\TAppDecoder\link-cvtres.read.1.tlog
C:\Users\augusto\Downloads\HM-OpenCL\build\vc10\Win32\Debug\TAppDecoder\link-cvtres.write.1.tlog
C:\Users\augusto\Downloads\HM-OpenCL\build\vc10\Win32\Debug\TAppDecoder\mt.command.1.tlog
C:\Users\augusto\Downloads\HM-OpenCL\build\vc10\Win32\Debug\TAppDecoder\mt.read.1.tlog
C:\Users\augusto\Downloads\HM-OpenCL\build\vc10\Win32\Debug\TAppDecoder\mt.write.1.tlog
C:\Users\augusto\Downloads\HM-OpenCL\build\vc10\Win32\Debug\TAppDecoder\rc.command.1.tlog
C:\Users\augusto\Downloads\HM-OpenCL\build\vc10\Win32\Debug\TAppDecoder\rc.read.1.tlog
C:\Users\augusto\Downloads\HM-OpenCL\build\vc10\Win32\Debug\TAppDecoder\rc.write.1.tlog
C:\USERS\AUGUSTO\DOWNLOADS\HM-OPENCL\BUILD\VC10\WIN32\DEBUG\TAPPDECODER\TAPPDECCFG.OBJ
C:\USERS\AUGUSTO\DOWNLOADS\HM-OPENCL\BUILD\VC10\WIN32\DEBUG\TAPPDECODER\TAPPDECODER.EXE.EMBED.MANIFEST
C:\USERS\AUGUSTO\DOWNLOADS\HM-OPENCL\BUILD\VC10\WIN32\DEBUG\TAPPDECODER\TAPPDECODER.EXE.EMBED.MANIFEST.RES
C:\USERS\AUGUSTO\DOWNLOADS\HM-OPENCL\BUILD\VC10\WIN32\DEBUG\TAPPDECODER\TAPPDECODER.EXE.INTERMEDIATE.MANIFEST
C:\Users\augusto\Downloads\HM-OpenCL\build\vc10\Win32\Debug\TAppDecoder\TAppDecoder.write.1.tlog
C:\Users\augusto\Downloads\HM-OpenCL\build\vc10\Win32\Debug\TAppDecoder\TAppDecoder_manifest.rc
C:\Users\augusto\Downloads\HM-OpenCL\build\vc10\Win32\Debug\TAppDecoder\TAppDecoder_vc10.vcxprojResolveAssemblyReference.cache
C:\USERS\AUGUSTO\DOWNLOADS\HM-OPENCL\BUILD\VC10\WIN32\DEBUG\TAPPDECODER\TAPPDECTOP.OBJ
C:\Users\augusto\Downloads\HM-OpenCL\build\vc10\Win32\Debug\TAppDecoder\vc100.idb
C:\USERS\AUGUSTO\DOWNLOADS\HM-OPENCL\BUILD\VC10\WIN32\DEBUG\TAPPDECODER\VC100.PDB
