C:\Users\augusto\Downloads\HM-OpenCL\build\\vc10\Win32\Debug\TLibDecoderAnalyser\TLibDecoderAnalyser.lib
C:\USERS\AUGUSTO\DOWNLOADS\HM-OPENCL\BUILD\VC10\WIN32\DEBUG\TLIBDECODERANALYSER\ANNEXBREAD.OBJ
C:\Users\augusto\Downloads\HM-OpenCL\build\vc10\Win32\Debug\TLibDecoderAnalyser\cl.command.1.tlog
C:\Users\augusto\Downloads\HM-OpenCL\build\vc10\Win32\Debug\TLibDecoderAnalyser\CL.read.1.tlog
C:\Users\augusto\Downloads\HM-OpenCL\build\vc10\Win32\Debug\TLibDecoderAnalyser\CL.write.1.tlog
C:\Users\augusto\Downloads\HM-OpenCL\build\vc10\Win32\Debug\TLibDecoderAnalyser\lib.command.1.tlog
C:\Users\augusto\Downloads\HM-OpenCL\build\vc10\Win32\Debug\TLibDecoderAnalyser\Lib-link.read.1.tlog
C:\Users\augusto\Downloads\HM-OpenCL\build\vc10\Win32\Debug\TLibDecoderAnalyser\Lib-link.write.1.tlog
C:\USERS\AUGUSTO\DOWNLOADS\HM-OPENCL\BUILD\VC10\WIN32\DEBUG\TLIBDECODERANALYSER\NALREAD.OBJ
C:\USERS\AUGUSTO\DOWNLOADS\HM-OPENCL\BUILD\VC10\WIN32\DEBUG\TLIBDECODERANALYSER\SEIREAD.OBJ
C:\USERS\AUGUSTO\DOWNLOADS\HM-OPENCL\BUILD\VC10\WIN32\DEBUG\TLIBDECODERANALYSER\SYNTAXELEMENTPARSER.OBJ
C:\USERS\AUGUSTO\DOWNLOADS\HM-OPENCL\BUILD\VC10\WIN32\DEBUG\TLIBDECODERANALYSER\TDECBINCODERCABAC.OBJ
C:\USERS\AUGUSTO\DOWNLOADS\HM-OPENCL\BUILD\VC10\WIN32\DEBUG\TLIBDECODERANALYSER\TDECCAVLC.OBJ
C:\USERS\AUGUSTO\DOWNLOADS\HM-OPENCL\BUILD\VC10\WIN32\DEBUG\TLIBDECODERANALYSER\TDECCU.OBJ
C:\USERS\AUGUSTO\DOWNLOADS\HM-OPENCL\BUILD\VC10\WIN32\DEBUG\TLIBDECODERANALYSER\TDECENTROPY.OBJ
C:\USERS\AUGUSTO\DOWNLOADS\HM-OPENCL\BUILD\VC10\WIN32\DEBUG\TLIBDECODERANALYSER\TDECGOP.OBJ
C:\USERS\AUGUSTO\DOWNLOADS\HM-OPENCL\BUILD\VC10\WIN32\DEBUG\TLIBDECODERANALYSER\TDECSBAC.OBJ
C:\USERS\AUGUSTO\DOWNLOADS\HM-OPENCL\BUILD\VC10\WIN32\DEBUG\TLIBDECODERANALYSER\TDECSLICE.OBJ
C:\USERS\AUGUSTO\DOWNLOADS\HM-OPENCL\BUILD\VC10\WIN32\DEBUG\TLIBDECODERANALYSER\TDECTOP.OBJ
C:\USERS\AUGUSTO\DOWNLOADS\HM-OPENCL\BUILD\VC10\WIN32\DEBUG\TLIBDECODERANALYSER\TLIBDECODERANALYSER.LIB
C:\Users\augusto\Downloads\HM-OpenCL\build\vc10\Win32\Debug\TLibDecoderAnalyser\TLibDecoderAnalyser.write.1.tlog
C:\Users\augusto\Downloads\HM-OpenCL\build\vc10\Win32\Debug\TLibDecoderAnalyser\vc100.idb
C:\USERS\AUGUSTO\DOWNLOADS\HM-OPENCL\BUILD\VC10\WIN32\DEBUG\TLIBDECODERANALYSER\VC100.PDB
