c:\users\augusto\documents\look-ahead-hm\build\vc2013\x64\release\tlibcommon\tlibcommon.pdb
c:\users\augusto\documents\look-ahead-hm\build\vc2013\x64\release\tlibcommon\libmd5.obj
c:\users\augusto\documents\look-ahead-hm\build\vc2013\x64\release\tlibcommon\tcomrom.obj
c:\users\augusto\documents\look-ahead-hm\build\vc2013\x64\release\tlibcommon\tcomrdcostweightprediction.obj
c:\users\augusto\documents\look-ahead-hm\build\vc2013\x64\release\tlibcommon\tcomrdcost.obj
c:\users\augusto\documents\look-ahead-hm\build\vc2013\x64\release\tlibcommon\tcomprediction.obj
c:\users\augusto\documents\look-ahead-hm\build\vc2013\x64\release\tlibcommon\tcompicyuvmd5.obj
c:\users\augusto\documents\look-ahead-hm\build\vc2013\x64\release\tlibcommon\tcompicyuv.obj
c:\users\augusto\documents\look-ahead-hm\build\vc2013\x64\release\tlibcommon\tcompicsym.obj
c:\users\augusto\documents\look-ahead-hm\build\vc2013\x64\release\tlibcommon\tcompic.obj
c:\users\augusto\documents\look-ahead-hm\build\vc2013\x64\release\tlibcommon\tcompattern.obj
c:\users\augusto\documents\look-ahead-hm\build\vc2013\x64\release\tlibcommon\tcommotioninfo.obj
c:\users\augusto\documents\look-ahead-hm\build\vc2013\x64\release\tlibcommon\tcomloopfilter.obj
c:\users\augusto\documents\look-ahead-hm\build\vc2013\x64\release\tlibcommon\tcominterpolationfilter.obj
c:\users\augusto\documents\look-ahead-hm\build\vc2013\x64\release\tlibcommon\tcomdatacu.obj
c:\users\augusto\documents\look-ahead-hm\build\vc2013\x64\release\tlibcommon\tcomchromaformat.obj
c:\users\augusto\documents\look-ahead-hm\build\vc2013\x64\release\tlibcommon\tcomcabactables.obj
c:\users\augusto\documents\look-ahead-hm\build\vc2013\x64\release\tlibcommon\tcombitstream.obj
c:\users\augusto\documents\look-ahead-hm\build\vc2013\x64\release\tlibcommon\sei.obj
c:\users\augusto\documents\look-ahead-hm\build\vc2013\x64\release\tlibcommon\debug.obj
c:\users\augusto\documents\look-ahead-hm\build\vc2013\x64\release\tlibcommon\contextmodel3dbuffer.obj
c:\users\augusto\documents\look-ahead-hm\build\vc2013\x64\release\tlibcommon\contextmodel.obj
c:\users\augusto\documents\look-ahead-hm\build\vc2013\x64\release\tlibcommon\tcomyuv.obj
c:\users\augusto\documents\look-ahead-hm\build\vc2013\x64\release\tlibcommon\tcomweightprediction.obj
c:\users\augusto\documents\look-ahead-hm\build\vc2013\x64\release\tlibcommon\tcomtu.obj
c:\users\augusto\documents\look-ahead-hm\build\vc2013\x64\release\tlibcommon\tcomtrquant.obj
c:\users\augusto\documents\look-ahead-hm\build\vc2013\x64\release\tlibcommon\tcomslice.obj
c:\users\augusto\documents\look-ahead-hm\build\vc2013\x64\release\tlibcommon\tcomsampleadaptiveoffset.obj
c:\users\augusto\documents\look-ahead-hm\build\vc2013\x64\release\tlibcommon\tlibcommon.lib
c:\users\augusto\documents\look-ahead-hm\build\\vc2013\x64\release\tlibcommon\tlibcommon.pdb
c:\users\augusto\documents\look-ahead-hm\build\\vc2013\x64\release\tlibcommon\tlibcommon.lib
c:\users\augusto\documents\look-ahead-hm\build\vc2013\x64\release\tlibcommon\tlibcommon.tlog\cl.command.1.tlog
c:\users\augusto\documents\look-ahead-hm\build\vc2013\x64\release\tlibcommon\tlibcommon.tlog\cl.read.1.tlog
c:\users\augusto\documents\look-ahead-hm\build\vc2013\x64\release\tlibcommon\tlibcommon.tlog\cl.write.1.tlog
c:\users\augusto\documents\look-ahead-hm\build\vc2013\x64\release\tlibcommon\tlibcommon.tlog\lib-link.read.1.tlog
c:\users\augusto\documents\look-ahead-hm\build\vc2013\x64\release\tlibcommon\tlibcommon.tlog\lib-link.write.1.tlog
c:\users\augusto\documents\look-ahead-hm\build\vc2013\x64\release\tlibcommon\tlibcommon.tlog\lib.command.1.tlog
