C:\Users\augusto\Downloads\HM-OpenCL\build\\vc10\Win32\Debug\TLibCommon\TLibCommon.lib
C:\Users\augusto\Downloads\HM-OpenCL\build\vc10\Win32\Debug\TLibCommon\cl.command.1.tlog
C:\Users\augusto\Downloads\HM-OpenCL\build\vc10\Win32\Debug\TLibCommon\CL.read.1.tlog
C:\Users\augusto\Downloads\HM-OpenCL\build\vc10\Win32\Debug\TLibCommon\CL.write.1.tlog
C:\USERS\AUGUSTO\DOWNLOADS\HM-OPENCL\BUILD\VC10\WIN32\DEBUG\TLIBCOMMON\CONTEXTMODEL.OBJ
C:\USERS\AUGUSTO\DOWNLOADS\HM-OPENCL\BUILD\VC10\WIN32\DEBUG\TLIBCOMMON\CONTEXTMODEL3DBUFFER.OBJ
C:\USERS\AUGUSTO\DOWNLOADS\HM-OPENCL\BUILD\VC10\WIN32\DEBUG\TLIBCOMMON\DEBUG.OBJ
C:\Users\augusto\Downloads\HM-OpenCL\build\vc10\Win32\Debug\TLibCommon\lib.command.1.tlog
C:\Users\augusto\Downloads\HM-OpenCL\build\vc10\Win32\Debug\TLibCommon\Lib-link.read.1.tlog
C:\Users\augusto\Downloads\HM-OpenCL\build\vc10\Win32\Debug\TLibCommon\Lib-link.write.1.tlog
C:\USERS\AUGUSTO\DOWNLOADS\HM-OPENCL\BUILD\VC10\WIN32\DEBUG\TLIBCOMMON\LIBMD5.OBJ
C:\USERS\AUGUSTO\DOWNLOADS\HM-OPENCL\BUILD\VC10\WIN32\DEBUG\TLIBCOMMON\SEI.OBJ
C:\USERS\AUGUSTO\DOWNLOADS\HM-OPENCL\BUILD\VC10\WIN32\DEBUG\TLIBCOMMON\TCOMBITSTREAM.OBJ
C:\USERS\AUGUSTO\DOWNLOADS\HM-OPENCL\BUILD\VC10\WIN32\DEBUG\TLIBCOMMON\TCOMCABACTABLES.OBJ
C:\USERS\AUGUSTO\DOWNLOADS\HM-OPENCL\BUILD\VC10\WIN32\DEBUG\TLIBCOMMON\TCOMCHROMAFORMAT.OBJ
C:\USERS\AUGUSTO\DOWNLOADS\HM-OPENCL\BUILD\VC10\WIN32\DEBUG\TLIBCOMMON\TCOMDATACU.OBJ
C:\USERS\AUGUSTO\DOWNLOADS\HM-OPENCL\BUILD\VC10\WIN32\DEBUG\TLIBCOMMON\TCOMINTERPOLATIONFILTER.OBJ
C:\USERS\AUGUSTO\DOWNLOADS\HM-OPENCL\BUILD\VC10\WIN32\DEBUG\TLIBCOMMON\TCOMLOOPFILTER.OBJ
C:\USERS\AUGUSTO\DOWNLOADS\HM-OPENCL\BUILD\VC10\WIN32\DEBUG\TLIBCOMMON\TCOMMOTIONINFO.OBJ
C:\USERS\AUGUSTO\DOWNLOADS\HM-OPENCL\BUILD\VC10\WIN32\DEBUG\TLIBCOMMON\TCOMPATTERN.OBJ
C:\USERS\AUGUSTO\DOWNLOADS\HM-OPENCL\BUILD\VC10\WIN32\DEBUG\TLIBCOMMON\TCOMPIC.OBJ
C:\USERS\AUGUSTO\DOWNLOADS\HM-OPENCL\BUILD\VC10\WIN32\DEBUG\TLIBCOMMON\TCOMPICSYM.OBJ
C:\USERS\AUGUSTO\DOWNLOADS\HM-OPENCL\BUILD\VC10\WIN32\DEBUG\TLIBCOMMON\TCOMPICYUV.OBJ
C:\USERS\AUGUSTO\DOWNLOADS\HM-OPENCL\BUILD\VC10\WIN32\DEBUG\TLIBCOMMON\TCOMPICYUVMD5.OBJ
C:\USERS\AUGUSTO\DOWNLOADS\HM-OPENCL\BUILD\VC10\WIN32\DEBUG\TLIBCOMMON\TCOMPREDICTION.OBJ
C:\USERS\AUGUSTO\DOWNLOADS\HM-OPENCL\BUILD\VC10\WIN32\DEBUG\TLIBCOMMON\TCOMRDCOST.OBJ
C:\USERS\AUGUSTO\DOWNLOADS\HM-OPENCL\BUILD\VC10\WIN32\DEBUG\TLIBCOMMON\TCOMRDCOSTWEIGHTPREDICTION.OBJ
C:\USERS\AUGUSTO\DOWNLOADS\HM-OPENCL\BUILD\VC10\WIN32\DEBUG\TLIBCOMMON\TCOMROM.OBJ
C:\USERS\AUGUSTO\DOWNLOADS\HM-OPENCL\BUILD\VC10\WIN32\DEBUG\TLIBCOMMON\TCOMSAMPLEADAPTIVEOFFSET.OBJ
C:\USERS\AUGUSTO\DOWNLOADS\HM-OPENCL\BUILD\VC10\WIN32\DEBUG\TLIBCOMMON\TCOMSLICE.OBJ
C:\USERS\AUGUSTO\DOWNLOADS\HM-OPENCL\BUILD\VC10\WIN32\DEBUG\TLIBCOMMON\TCOMTRQUANT.OBJ
C:\USERS\AUGUSTO\DOWNLOADS\HM-OPENCL\BUILD\VC10\WIN32\DEBUG\TLIBCOMMON\TCOMTU.OBJ
C:\USERS\AUGUSTO\DOWNLOADS\HM-OPENCL\BUILD\VC10\WIN32\DEBUG\TLIBCOMMON\TCOMWEIGHTPREDICTION.OBJ
C:\USERS\AUGUSTO\DOWNLOADS\HM-OPENCL\BUILD\VC10\WIN32\DEBUG\TLIBCOMMON\TCOMYUV.OBJ
C:\USERS\AUGUSTO\DOWNLOADS\HM-OPENCL\BUILD\VC10\WIN32\DEBUG\TLIBCOMMON\TLIBCOMMON.LIB
C:\Users\augusto\Downloads\HM-OpenCL\build\vc10\Win32\Debug\TLibCommon\TLibCommon.write.1.tlog
C:\Users\augusto\Downloads\HM-OpenCL\build\vc10\Win32\Debug\TLibCommon\TLibCommon_vc10.vcxprojResolveAssemblyReference.cache
C:\Users\augusto\Downloads\HM-OpenCL\build\vc10\Win32\Debug\TLibCommon\vc100.idb
C:\USERS\AUGUSTO\DOWNLOADS\HM-OPENCL\BUILD\VC10\WIN32\DEBUG\TLIBCOMMON\VC100.PDB
