C:\Users\augusto\Downloads\HM-OpenCL\build\\..\bin\vc10\Win32\Debug\TAppEncoder.pdb
C:\Users\augusto\Downloads\HM-OpenCL\build\vc10\Win32\Debug\TAppEncoder\cl.command.1.tlog
C:\Users\augusto\Downloads\HM-OpenCL\build\vc10\Win32\Debug\TAppEncoder\CL.read.1.tlog
C:\Users\augusto\Downloads\HM-OpenCL\build\vc10\Win32\Debug\TAppEncoder\CL.write.1.tlog
C:\USERS\AUGUSTO\DOWNLOADS\HM-OPENCL\BUILD\VC10\WIN32\DEBUG\TAPPENCODER\ENCMAIN.OBJ
C:\Users\augusto\Downloads\HM-OpenCL\build\vc10\Win32\Debug\TAppEncoder\link.command.1.tlog
C:\Users\augusto\Downloads\HM-OpenCL\build\vc10\Win32\Debug\TAppEncoder\link.read.1.tlog
C:\Users\augusto\Downloads\HM-OpenCL\build\vc10\Win32\Debug\TAppEncoder\link.write.1.tlog
C:\Users\augusto\Downloads\HM-OpenCL\build\vc10\Win32\Debug\TAppEncoder\link-cvtres.read.1.tlog
C:\Users\augusto\Downloads\HM-OpenCL\build\vc10\Win32\Debug\TAppEncoder\link-cvtres.write.1.tlog
C:\Users\augusto\Downloads\HM-OpenCL\build\vc10\Win32\Debug\TAppEncoder\rc.command.1.tlog
C:\Users\augusto\Downloads\HM-OpenCL\build\vc10\Win32\Debug\TAppEncoder\rc.read.1.tlog
C:\Users\augusto\Downloads\HM-OpenCL\build\vc10\Win32\Debug\TAppEncoder\rc.write.1.tlog
C:\USERS\AUGUSTO\DOWNLOADS\HM-OPENCL\BUILD\VC10\WIN32\DEBUG\TAPPENCODER\TAPPENCCFG.OBJ
C:\Users\augusto\Downloads\HM-OpenCL\build\vc10\Win32\Debug\TAppEncoder\TAppEncoder.exe.embed.manifest
C:\USERS\AUGUSTO\DOWNLOADS\HM-OPENCL\BUILD\VC10\WIN32\DEBUG\TAPPENCODER\TAPPENCODER.EXE.EMBED.MANIFEST.RES
C:\Users\augusto\Downloads\HM-OpenCL\build\vc10\Win32\Debug\TAppEncoder\TAppEncoder.exe.intermediate.manifest
C:\Users\augusto\Downloads\HM-OpenCL\build\vc10\Win32\Debug\TAppEncoder\TAppEncoder.write.1.tlog
C:\Users\augusto\Downloads\HM-OpenCL\build\vc10\Win32\Debug\TAppEncoder\TAppEncoder_manifest.rc
C:\Users\augusto\Downloads\HM-OpenCL\build\vc10\Win32\Debug\TAppEncoder\TAppEncoder_vc10.vcxprojResolveAssemblyReference.cache
C:\USERS\AUGUSTO\DOWNLOADS\HM-OPENCL\BUILD\VC10\WIN32\DEBUG\TAPPENCODER\TAPPENCTOP.OBJ
C:\Users\augusto\Downloads\HM-OpenCL\build\vc10\Win32\Debug\TAppEncoder\vc100.idb
C:\USERS\AUGUSTO\DOWNLOADS\HM-OPENCL\BUILD\VC10\WIN32\DEBUG\TAPPENCODER\VC100.PDB
