C:\USERS\AUGUSTO\DOWNLOADS\HM-OPENCL\BUILD\VC10\WIN32\RELEASE\TAPPDECODER\TAPPDECTOP.OBJ
C:\USERS\AUGUSTO\DOWNLOADS\HM-OPENCL\BUILD\VC10\WIN32\RELEASE\TAPPDECODER\TAPPDECCFG.OBJ
C:\USERS\AUGUSTO\DOWNLOADS\HM-OPENCL\BUILD\VC10\WIN32\RELEASE\TAPPDECODER\DECMAIN.OBJ
C:\USERS\AUGUSTO\DOWNLOADS\HM-OPENCL\BUILD\VC10\WIN32\RELEASE\TAPPDECODER\VC110.PDB
C:\USERS\AUGUSTO\DOWNLOADS\HM-OPENCL\BIN\VC10\WIN32\RELEASE\TAPPDECODER.EXE
C:\USERS\AUGUSTO\DOWNLOADS\HM-OPENCL\BIN\VC10\WIN32\RELEASE\TAPPDECODER.PDB
C:\Users\augusto\Downloads\HM-OpenCL\build\vc10\Win32\Release\TAppDecoder\decmain.obj
C:\Users\augusto\Downloads\HM-OpenCL\build\vc10\Win32\Release\TAppDecoder\TAppDecCfg.obj
C:\Users\augusto\Downloads\HM-OpenCL\build\vc10\Win32\Release\TAppDecoder\TAppDecTop.obj
C:\Users\augusto\Downloads\HM-OpenCL\build\vc10\Win32\Release\TAppDecoder\cl.command.1.tlog
C:\Users\augusto\Downloads\HM-OpenCL\build\vc10\Win32\Release\TAppDecoder\CL.read.1.tlog
C:\Users\augusto\Downloads\HM-OpenCL\build\vc10\Win32\Release\TAppDecoder\CL.write.1.tlog
C:\Users\augusto\Downloads\HM-OpenCL\build\vc10\Win32\Release\TAppDecoder\link-cvtres.read.1.tlog
C:\Users\augusto\Downloads\HM-OpenCL\build\vc10\Win32\Release\TAppDecoder\link-cvtres.write.1.tlog
C:\Users\augusto\Downloads\HM-OpenCL\build\vc10\Win32\Release\TAppDecoder\link-rc.read.1.tlog
C:\Users\augusto\Downloads\HM-OpenCL\build\vc10\Win32\Release\TAppDecoder\link-rc.write.1.tlog
C:\Users\augusto\Downloads\HM-OpenCL\build\vc10\Win32\Release\TAppDecoder\link.command.1.tlog
C:\Users\augusto\Downloads\HM-OpenCL\build\vc10\Win32\Release\TAppDecoder\link.read.1.tlog
C:\Users\augusto\Downloads\HM-OpenCL\build\vc10\Win32\Release\TAppDecoder\link.write.1.tlog
C:\Users\augusto\Downloads\HM-OpenCL\build\vc10\Win32\Release\TAppDecoder\vc110.pdb
C:\Users\augusto\Downloads\HM-OpenCL\build\\..\bin\vc10\Win32\Release\TAppDecoder.pdb
C:\Users\augusto\Downloads\HM-OpenCL\build\\..\bin\vc10\Win32\Release\TAppDecoder.exe
