C:\USERS\AUGUSTO\DOWNLOADS\HM-OPENCL\BUILD\VC10\WIN32\RELEASE\TLIBCOMMON\LIBMD5.OBJ
C:\USERS\AUGUSTO\DOWNLOADS\HM-OPENCL\BUILD\VC10\WIN32\RELEASE\TLIBCOMMON\VC110.PDB
C:\USERS\AUGUSTO\DOWNLOADS\HM-OPENCL\BUILD\VC10\WIN32\RELEASE\TLIBCOMMON\TCOMROM.OBJ
C:\USERS\AUGUSTO\DOWNLOADS\HM-OPENCL\BUILD\VC10\WIN32\RELEASE\TLIBCOMMON\TCOMRDCOSTWEIGHTPREDICTION.OBJ
C:\USERS\AUGUSTO\DOWNLOADS\HM-OPENCL\BUILD\VC10\WIN32\RELEASE\TLIBCOMMON\TCOMRDCOST.OBJ
C:\USERS\AUGUSTO\DOWNLOADS\HM-OPENCL\BUILD\VC10\WIN32\RELEASE\TLIBCOMMON\TCOMPREDICTION.OBJ
C:\USERS\AUGUSTO\DOWNLOADS\HM-OPENCL\BUILD\VC10\WIN32\RELEASE\TLIBCOMMON\TCOMPICYUVMD5.OBJ
C:\USERS\AUGUSTO\DOWNLOADS\HM-OPENCL\BUILD\VC10\WIN32\RELEASE\TLIBCOMMON\TCOMPICYUV.OBJ
C:\USERS\AUGUSTO\DOWNLOADS\HM-OPENCL\BUILD\VC10\WIN32\RELEASE\TLIBCOMMON\TCOMPICSYM.OBJ
C:\USERS\AUGUSTO\DOWNLOADS\HM-OPENCL\BUILD\VC10\WIN32\RELEASE\TLIBCOMMON\TCOMPIC.OBJ
C:\USERS\AUGUSTO\DOWNLOADS\HM-OPENCL\BUILD\VC10\WIN32\RELEASE\TLIBCOMMON\TCOMPATTERN.OBJ
C:\USERS\AUGUSTO\DOWNLOADS\HM-OPENCL\BUILD\VC10\WIN32\RELEASE\TLIBCOMMON\TCOMMOTIONINFO.OBJ
C:\USERS\AUGUSTO\DOWNLOADS\HM-OPENCL\BUILD\VC10\WIN32\RELEASE\TLIBCOMMON\TCOMLOOPFILTER.OBJ
C:\USERS\AUGUSTO\DOWNLOADS\HM-OPENCL\BUILD\VC10\WIN32\RELEASE\TLIBCOMMON\TCOMINTERPOLATIONFILTER.OBJ
C:\USERS\AUGUSTO\DOWNLOADS\HM-OPENCL\BUILD\VC10\WIN32\RELEASE\TLIBCOMMON\TCOMDATACU.OBJ
C:\USERS\AUGUSTO\DOWNLOADS\HM-OPENCL\BUILD\VC10\WIN32\RELEASE\TLIBCOMMON\TCOMCHROMAFORMAT.OBJ
C:\USERS\AUGUSTO\DOWNLOADS\HM-OPENCL\BUILD\VC10\WIN32\RELEASE\TLIBCOMMON\TCOMCABACTABLES.OBJ
C:\USERS\AUGUSTO\DOWNLOADS\HM-OPENCL\BUILD\VC10\WIN32\RELEASE\TLIBCOMMON\TCOMBITSTREAM.OBJ
C:\USERS\AUGUSTO\DOWNLOADS\HM-OPENCL\BUILD\VC10\WIN32\RELEASE\TLIBCOMMON\SEI.OBJ
C:\USERS\AUGUSTO\DOWNLOADS\HM-OPENCL\BUILD\VC10\WIN32\RELEASE\TLIBCOMMON\DEBUG.OBJ
C:\USERS\AUGUSTO\DOWNLOADS\HM-OPENCL\BUILD\VC10\WIN32\RELEASE\TLIBCOMMON\CONTEXTMODEL3DBUFFER.OBJ
C:\USERS\AUGUSTO\DOWNLOADS\HM-OPENCL\BUILD\VC10\WIN32\RELEASE\TLIBCOMMON\CONTEXTMODEL.OBJ
C:\USERS\AUGUSTO\DOWNLOADS\HM-OPENCL\BUILD\VC10\WIN32\RELEASE\TLIBCOMMON\TCOMYUV.OBJ
C:\USERS\AUGUSTO\DOWNLOADS\HM-OPENCL\BUILD\VC10\WIN32\RELEASE\TLIBCOMMON\TCOMWEIGHTPREDICTION.OBJ
C:\USERS\AUGUSTO\DOWNLOADS\HM-OPENCL\BUILD\VC10\WIN32\RELEASE\TLIBCOMMON\TCOMTU.OBJ
C:\USERS\AUGUSTO\DOWNLOADS\HM-OPENCL\BUILD\VC10\WIN32\RELEASE\TLIBCOMMON\TCOMTRQUANT.OBJ
C:\USERS\AUGUSTO\DOWNLOADS\HM-OPENCL\BUILD\VC10\WIN32\RELEASE\TLIBCOMMON\TCOMSLICE.OBJ
C:\USERS\AUGUSTO\DOWNLOADS\HM-OPENCL\BUILD\VC10\WIN32\RELEASE\TLIBCOMMON\TCOMSAMPLEADAPTIVEOFFSET.OBJ
C:\USERS\AUGUSTO\DOWNLOADS\HM-OPENCL\BUILD\VC10\WIN32\RELEASE\TLIBCOMMON\TLIBCOMMON.LIB
C:\Users\augusto\Downloads\HM-OpenCL\build\vc10\Win32\Release\TLibCommon\ContextModel.obj
C:\Users\augusto\Downloads\HM-OpenCL\build\vc10\Win32\Release\TLibCommon\ContextModel3DBuffer.obj
C:\Users\augusto\Downloads\HM-OpenCL\build\vc10\Win32\Release\TLibCommon\Debug.obj
C:\Users\augusto\Downloads\HM-OpenCL\build\vc10\Win32\Release\TLibCommon\libmd5.obj
C:\Users\augusto\Downloads\HM-OpenCL\build\vc10\Win32\Release\TLibCommon\SEI.obj
C:\Users\augusto\Downloads\HM-OpenCL\build\vc10\Win32\Release\TLibCommon\TComBitStream.obj
C:\Users\augusto\Downloads\HM-OpenCL\build\vc10\Win32\Release\TLibCommon\TComCABACTables.obj
C:\Users\augusto\Downloads\HM-OpenCL\build\vc10\Win32\Release\TLibCommon\TComChromaFormat.obj
C:\Users\augusto\Downloads\HM-OpenCL\build\vc10\Win32\Release\TLibCommon\TComDataCU.obj
C:\Users\augusto\Downloads\HM-OpenCL\build\vc10\Win32\Release\TLibCommon\TComInterpolationFilter.obj
C:\Users\augusto\Downloads\HM-OpenCL\build\vc10\Win32\Release\TLibCommon\TComLoopFilter.obj
C:\Users\augusto\Downloads\HM-OpenCL\build\vc10\Win32\Release\TLibCommon\TComMotionInfo.obj
C:\Users\augusto\Downloads\HM-OpenCL\build\vc10\Win32\Release\TLibCommon\TComPattern.obj
C:\Users\augusto\Downloads\HM-OpenCL\build\vc10\Win32\Release\TLibCommon\TComPic.obj
C:\Users\augusto\Downloads\HM-OpenCL\build\vc10\Win32\Release\TLibCommon\TComPicSym.obj
C:\Users\augusto\Downloads\HM-OpenCL\build\vc10\Win32\Release\TLibCommon\TComPicYuv.obj
C:\Users\augusto\Downloads\HM-OpenCL\build\vc10\Win32\Release\TLibCommon\TComPicYuvMD5.obj
C:\Users\augusto\Downloads\HM-OpenCL\build\vc10\Win32\Release\TLibCommon\TComPrediction.obj
C:\Users\augusto\Downloads\HM-OpenCL\build\vc10\Win32\Release\TLibCommon\TComRdCost.obj
C:\Users\augusto\Downloads\HM-OpenCL\build\vc10\Win32\Release\TLibCommon\TComRdCostWeightPrediction.obj
C:\Users\augusto\Downloads\HM-OpenCL\build\vc10\Win32\Release\TLibCommon\TComRom.obj
C:\Users\augusto\Downloads\HM-OpenCL\build\vc10\Win32\Release\TLibCommon\TComSampleAdaptiveOffset.obj
C:\Users\augusto\Downloads\HM-OpenCL\build\vc10\Win32\Release\TLibCommon\TComSlice.obj
C:\Users\augusto\Downloads\HM-OpenCL\build\vc10\Win32\Release\TLibCommon\TComTrQuant.obj
C:\Users\augusto\Downloads\HM-OpenCL\build\vc10\Win32\Release\TLibCommon\TComTU.obj
C:\Users\augusto\Downloads\HM-OpenCL\build\vc10\Win32\Release\TLibCommon\TComWeightPrediction.obj
C:\Users\augusto\Downloads\HM-OpenCL\build\vc10\Win32\Release\TLibCommon\TComYuv.obj
C:\Users\augusto\Downloads\HM-OpenCL\build\vc10\Win32\Release\TLibCommon\cl.command.1.tlog
C:\Users\augusto\Downloads\HM-OpenCL\build\vc10\Win32\Release\TLibCommon\CL.read.1.tlog
C:\Users\augusto\Downloads\HM-OpenCL\build\vc10\Win32\Release\TLibCommon\CL.write.1.tlog
C:\Users\augusto\Downloads\HM-OpenCL\build\vc10\Win32\Release\TLibCommon\Lib-link.read.1.tlog
C:\Users\augusto\Downloads\HM-OpenCL\build\vc10\Win32\Release\TLibCommon\Lib-link.write.1.tlog
C:\Users\augusto\Downloads\HM-OpenCL\build\vc10\Win32\Release\TLibCommon\lib.command.1.tlog
C:\Users\augusto\Downloads\HM-OpenCL\build\vc10\Win32\Release\TLibCommon\vc110.pdb
C:\Users\augusto\Downloads\HM-OpenCL\build\\vc10\Win32\Release\TLibCommon\TLibCommon.lib
