  libmd5.c
  ContextModel.cpp
  ContextModel3DBuffer.cpp
  Debug.cpp
  SEI.cpp
  TComBitStream.cpp
  TComCABACTables.cpp
  TComChromaFormat.cpp
  TComDataCU.cpp
  TComInterpolationFilter.cpp
  TComLoopFilter.cpp
  TComMotionInfo.cpp
  TComPattern.cpp
  TComPic.cpp
  TComPicSym.cpp
  TComPicYuv.cpp
  TComPicYuvMD5.cpp
  TComPrediction.cpp
  TComRdCost.cpp
  TComRdCostWeightPrediction.cpp
  TComRom.cpp
  Compiling...
  TComSampleAdaptiveOffset.cpp
  TComSlice.cpp
  TComTrQuant.cpp
  TComTU.cpp
  TComWeightPrediction.cpp
  TComYuv.cpp
  TLibCommon_vc10.vcxproj -> C:\Users\augusto\Documents\GitHub\Look-ahead-HM\build\\vc10\Win32\Release\TLibCommon\TLibCommon.lib
