C:\USERS\AUGUSTO\DOWNLOADS\HM-OPENCL\BUILD\VC10\WIN32\RELEASE\TLIBDECODERANALYSER\TDECTOP.OBJ
C:\USERS\AUGUSTO\DOWNLOADS\HM-OPENCL\BUILD\VC10\WIN32\RELEASE\TLIBDECODERANALYSER\TDECSLICE.OBJ
C:\USERS\AUGUSTO\DOWNLOADS\HM-OPENCL\BUILD\VC10\WIN32\RELEASE\TLIBDECODERANALYSER\TDECSBAC.OBJ
C:\USERS\AUGUSTO\DOWNLOADS\HM-OPENCL\BUILD\VC10\WIN32\RELEASE\TLIBDECODERANALYSER\TDECGOP.OBJ
C:\USERS\AUGUSTO\DOWNLOADS\HM-OPENCL\BUILD\VC10\WIN32\RELEASE\TLIBDECODERANALYSER\TDECENTROPY.OBJ
C:\USERS\AUGUSTO\DOWNLOADS\HM-OPENCL\BUILD\VC10\WIN32\RELEASE\TLIBDECODERANALYSER\TDECCU.OBJ
C:\USERS\AUGUSTO\DOWNLOADS\HM-OPENCL\BUILD\VC10\WIN32\RELEASE\TLIBDECODERANALYSER\TDECCAVLC.OBJ
C:\USERS\AUGUSTO\DOWNLOADS\HM-OPENCL\BUILD\VC10\WIN32\RELEASE\TLIBDECODERANALYSER\TDECBINCODERCABAC.OBJ
C:\USERS\AUGUSTO\DOWNLOADS\HM-OPENCL\BUILD\VC10\WIN32\RELEASE\TLIBDECODERANALYSER\SYNTAXELEMENTPARSER.OBJ
C:\USERS\AUGUSTO\DOWNLOADS\HM-OPENCL\BUILD\VC10\WIN32\RELEASE\TLIBDECODERANALYSER\SEIREAD.OBJ
C:\USERS\AUGUSTO\DOWNLOADS\HM-OPENCL\BUILD\VC10\WIN32\RELEASE\TLIBDECODERANALYSER\NALREAD.OBJ
C:\USERS\AUGUSTO\DOWNLOADS\HM-OPENCL\BUILD\VC10\WIN32\RELEASE\TLIBDECODERANALYSER\ANNEXBREAD.OBJ
C:\USERS\AUGUSTO\DOWNLOADS\HM-OPENCL\BUILD\VC10\WIN32\RELEASE\TLIBDECODERANALYSER\VC110.PDB
C:\USERS\AUGUSTO\DOWNLOADS\HM-OPENCL\BUILD\VC10\WIN32\RELEASE\TLIBDECODERANALYSER\TLIBDECODERANALYSER.LIB
C:\Users\augusto\Downloads\HM-OpenCL\build\vc10\Win32\Release\TLibDecoderAnalyser\AnnexBread.obj
C:\Users\augusto\Downloads\HM-OpenCL\build\vc10\Win32\Release\TLibDecoderAnalyser\NALread.obj
C:\Users\augusto\Downloads\HM-OpenCL\build\vc10\Win32\Release\TLibDecoderAnalyser\SEIread.obj
C:\Users\augusto\Downloads\HM-OpenCL\build\vc10\Win32\Release\TLibDecoderAnalyser\SyntaxElementParser.obj
C:\Users\augusto\Downloads\HM-OpenCL\build\vc10\Win32\Release\TLibDecoderAnalyser\TDecBinCoderCABAC.obj
C:\Users\augusto\Downloads\HM-OpenCL\build\vc10\Win32\Release\TLibDecoderAnalyser\TDecCAVLC.obj
C:\Users\augusto\Downloads\HM-OpenCL\build\vc10\Win32\Release\TLibDecoderAnalyser\TDecCu.obj
C:\Users\augusto\Downloads\HM-OpenCL\build\vc10\Win32\Release\TLibDecoderAnalyser\TDecEntropy.obj
C:\Users\augusto\Downloads\HM-OpenCL\build\vc10\Win32\Release\TLibDecoderAnalyser\TDecGop.obj
C:\Users\augusto\Downloads\HM-OpenCL\build\vc10\Win32\Release\TLibDecoderAnalyser\TDecSbac.obj
C:\Users\augusto\Downloads\HM-OpenCL\build\vc10\Win32\Release\TLibDecoderAnalyser\TDecSlice.obj
C:\Users\augusto\Downloads\HM-OpenCL\build\vc10\Win32\Release\TLibDecoderAnalyser\TDecTop.obj
C:\Users\augusto\Downloads\HM-OpenCL\build\vc10\Win32\Release\TLibDecoderAnalyser\cl.command.1.tlog
C:\Users\augusto\Downloads\HM-OpenCL\build\vc10\Win32\Release\TLibDecoderAnalyser\CL.read.1.tlog
C:\Users\augusto\Downloads\HM-OpenCL\build\vc10\Win32\Release\TLibDecoderAnalyser\CL.write.1.tlog
C:\Users\augusto\Downloads\HM-OpenCL\build\vc10\Win32\Release\TLibDecoderAnalyser\Lib-link.read.1.tlog
C:\Users\augusto\Downloads\HM-OpenCL\build\vc10\Win32\Release\TLibDecoderAnalyser\Lib-link.write.1.tlog
C:\Users\augusto\Downloads\HM-OpenCL\build\vc10\Win32\Release\TLibDecoderAnalyser\lib.command.1.tlog
C:\Users\augusto\Downloads\HM-OpenCL\build\vc10\Win32\Release\TLibDecoderAnalyser\vc110.pdb
C:\Users\augusto\Downloads\HM-OpenCL\build\\vc10\Win32\Release\TLibDecoderAnalyser\TLibDecoderAnalyser.lib
