  WeightPredAnalysis.cpp
  TEncTop.cpp
  TEncSlice.cpp
  TEncSearch.cpp
  TEncSbac.cpp
  TEncSampleAdaptiveOffset.cpp
  TEncRateCtrl.cpp
  TEncPreanalyzer.cpp
  TEncPic.cpp
  TEncOpenCL.cpp
  TEncGOP.cpp
  TEncEntropy.cpp
  TEncCu.cpp
  TEncCavlc.cpp
  TEncBinCoderCABACCounter.cpp
  TEncBinCoderCABAC.cpp
  SyntaxElementWriter.cpp
  SEIwrite.cpp
  SEIEncoder.cpp
  NALwrite.cpp
  Generating Code...
  TLibEncoder_vc10.vcxproj -> C:\Users\augusto\Downloads\HM-OpenCL\build\\vc10\Win32\Debug\TLibEncoder\TLibEncoder.lib
